<?xml version="1.0" encoding="UTF-8"?>
<testsuite name="com.group.libraryapp.LibraryAppApplicationTests" tests="1" skipped="0" failures="0" errors="0" timestamp="2024-09-19T13:40:00" hostname="jeon-yunhwan-ui-Macmini.local" time="0.331">
  <properties/>
  <testcase name="contextLoads()" classname="com.group.libraryapp.LibraryAppApplicationTests" time="0.331"/>
  <system-out><![CDATA[22:39:53.297 [Test worker] DEBUG org.springframework.test.context.BootstrapUtils - Instantiating CacheAwareContextLoaderDelegate from class [org.springframework.test.context.cache.DefaultCacheAwareContextLoaderDelegate]
22:39:53.311 [Test worker] DEBUG org.springframework.test.context.BootstrapUtils - Instantiating BootstrapContext using constructor [public org.springframework.test.context.support.DefaultBootstrapContext(java.lang.Class,org.springframework.test.context.CacheAwareContextLoaderDelegate)]
22:39:53.359 [Test worker] DEBUG org.springframework.test.context.BootstrapUtils - Instantiating TestContextBootstrapper for test class [com.group.libraryapp.LibraryAppApplicationTests] from class [org.springframework.boot.test.context.SpringBootTestContextBootstrapper]
22:39:53.373 [Test worker] INFO org.springframework.boot.test.context.SpringBootTestContextBootstrapper - Neither @ContextConfiguration nor @ContextHierarchy found for test class [com.group.libraryapp.LibraryAppApplicationTests], using SpringBootContextLoader
22:39:53.378 [Test worker] DEBUG org.springframework.test.context.support.AbstractContextLoader - Did not detect default resource location for test class [com.group.libraryapp.LibraryAppApplicationTests]: class path resource [com/group/libraryapp/LibraryAppApplicationTests-context.xml] does not exist
22:39:53.379 [Test worker] DEBUG org.springframework.test.context.support.AbstractContextLoader - Did not detect default resource location for test class [com.group.libraryapp.LibraryAppApplicationTests]: class path resource [com/group/libraryapp/LibraryAppApplicationTestsContext.groovy] does not exist
22:39:53.379 [Test worker] INFO org.springframework.test.context.support.AbstractContextLoader - Could not detect default resource locations for test class [com.group.libraryapp.LibraryAppApplicationTests]: no resource found for suffixes {-context.xml, Context.groovy}.
22:39:53.379 [Test worker] INFO org.springframework.test.context.support.AnnotationConfigContextLoaderUtils - Could not detect default configuration classes for test class [com.group.libraryapp.LibraryAppApplicationTests]: LibraryAppApplicationTests does not declare any static, non-private, non-final, nested classes annotated with @Configuration.
22:39:53.453 [Test worker] DEBUG org.springframework.test.context.support.ActiveProfilesUtils - Could not find an 'annotation declaring class' for annotation type [org.springframework.test.context.ActiveProfiles] and class [com.group.libraryapp.LibraryAppApplicationTests]
22:39:53.565 [Test worker] DEBUG org.springframework.context.annotation.ClassPathScanningCandidateComponentProvider - Identified candidate component class: file [/Users/jeon-yunhwan/워크스페이스/윤환이의 워크스페이스/library/build/classes/java/main/com/group/libraryapp/LibraryAppApplication.class]
22:39:53.568 [Test worker] INFO org.springframework.boot.test.context.SpringBootTestContextBootstrapper - Found @SpringBootConfiguration com.group.libraryapp.LibraryAppApplication for test class com.group.libraryapp.LibraryAppApplicationTests
22:39:53.670 [Test worker] DEBUG org.springframework.boot.test.context.SpringBootTestContextBootstrapper - @TestExecutionListeners is not present for class [com.group.libraryapp.LibraryAppApplicationTests]: using defaults.
22:39:53.671 [Test worker] INFO org.springframework.boot.test.context.SpringBootTestContextBootstrapper - Loaded default TestExecutionListener class names from location [META-INF/spring.factories]: [org.springframework.boot.test.autoconfigure.restdocs.RestDocsTestExecutionListener, org.springframework.boot.test.autoconfigure.web.client.MockRestServiceServerResetTestExecutionListener, org.springframework.boot.test.autoconfigure.web.servlet.MockMvcPrintOnlyOnFailureTestExecutionListener, org.springframework.boot.test.autoconfigure.web.servlet.WebDriverTestExecutionListener, org.springframework.boot.test.autoconfigure.webservices.client.MockWebServiceServerTestExecutionListener, org.springframework.boot.test.mock.mockito.MockitoTestExecutionListener, org.springframework.boot.test.mock.mockito.ResetMocksTestExecutionListener, org.springframework.test.context.web.ServletTestExecutionListener, org.springframework.test.context.support.DirtiesContextBeforeModesTestExecutionListener, org.springframework.test.context.event.ApplicationEventsTestExecutionListener, org.springframework.test.context.support.DependencyInjectionTestExecutionListener, org.springframework.test.context.support.DirtiesContextTestExecutionListener, org.springframework.test.context.transaction.TransactionalTestExecutionListener, org.springframework.test.context.jdbc.SqlScriptsTestExecutionListener, org.springframework.test.context.event.EventPublishingTestExecutionListener]
22:39:53.691 [Test worker] INFO org.springframework.boot.test.context.SpringBootTestContextBootstrapper - Using TestExecutionListeners: [org.springframework.test.context.web.ServletTestExecutionListener@5b057c8c, org.springframework.test.context.support.DirtiesContextBeforeModesTestExecutionListener@1eb6749b, org.springframework.test.context.event.ApplicationEventsTestExecutionListener@652a7737, org.springframework.boot.test.mock.mockito.MockitoTestExecutionListener@5b7ea70d, org.springframework.boot.test.autoconfigure.SpringBootDependencyInjectionTestExecutionListener@2bef51f2, org.springframework.test.context.support.DirtiesContextTestExecutionListener@650eab8, org.springframework.test.context.transaction.TransactionalTestExecutionListener@30f5a68a, org.springframework.test.context.jdbc.SqlScriptsTestExecutionListener@1e1d3956, org.springframework.test.context.event.EventPublishingTestExecutionListener@4f2c9ba6, org.springframework.boot.test.autoconfigure.restdocs.RestDocsTestExecutionListener@4e28bdd1, org.springframework.boot.test.autoconfigure.web.client.MockRestServiceServerResetTestExecutionListener@53f48368, org.springframework.boot.test.autoconfigure.web.servlet.MockMvcPrintOnlyOnFailureTestExecutionListener@24d4d7c9, org.springframework.boot.test.autoconfigure.web.servlet.WebDriverTestExecutionListener@f0e995e, org.springframework.boot.test.autoconfigure.webservices.client.MockWebServiceServerTestExecutionListener@4c37b5b, org.springframework.boot.test.mock.mockito.ResetMocksTestExecutionListener@73db4768]
22:39:53.696 [Test worker] DEBUG org.springframework.test.context.support.AbstractDirtiesContextTestExecutionListener - Before test class: context [DefaultTestContext@3f363cf5 testClass = LibraryAppApplicationTests, testInstance = [null], testMethod = [null], testException = [null], mergedContextConfiguration = [WebMergedContextConfiguration@3829ac1 testClass = LibraryAppApplicationTests, locations = '{}', classes = '{class com.group.libraryapp.LibraryAppApplication}', contextInitializerClasses = '[]', activeProfiles = '{}', propertySourceLocations = '{}', propertySourceProperties = '{org.springframework.boot.test.context.SpringBootTestContextBootstrapper=true}', contextCustomizers = set[org.springframework.boot.test.autoconfigure.actuate.metrics.MetricsExportContextCustomizerFactory$DisableMetricExportContextCustomizer@401f7633, org.springframework.boot.test.autoconfigure.properties.PropertyMappingContextCustomizer@0, org.springframework.boot.test.autoconfigure.web.servlet.WebDriverContextCustomizerFactory$Customizer@1869fbd2, org.springframework.boot.test.context.filter.ExcludeFilterContextCustomizer@ca30bc1, org.springframework.boot.test.json.DuplicateJsonObjectContextCustomizerFactory$DuplicateJsonObjectContextCustomizer@416c58f5, org.springframework.boot.test.mock.mockito.MockitoContextCustomizer@0, org.springframework.boot.test.web.client.TestRestTemplateContextCustomizer@6ccdb29f, org.springframework.boot.test.context.SpringBootTestArgs@1, org.springframework.boot.test.context.SpringBootTestWebEnvironment@4c309d4d], resourceBasePath = 'src/main/webapp', contextLoader = 'org.springframework.boot.test.context.SpringBootContextLoader', parent = [null]], attributes = map['org.springframework.test.context.web.ServletTestExecutionListener.activateListener' -> true]], class annotated with @DirtiesContext [false] with mode [null].

  .   ____          _            __ _ _
 /\\ / ___'_ __ _ _(_)_ __  __ _ \ \ \ \
( ( )\___ | '_ | '_| | '_ \/ _` | \ \ \ \
 \\/  ___)| |_)| | | | | || (_| |  ) ) ) )
  '  |____| .__|_| |_|_| |_\__, | / / / /
 =========|_|==============|___/=/_/_/_/
 :: Spring Boot ::                (v2.6.8)

2024-09-19 22:39:54.164  INFO 8585 --- [    Test worker] c.g.l.LibraryAppApplicationTests         : Starting LibraryAppApplicationTests using Java 17.0.12 on jeon-yunhwan-ui-Macmini.local with PID 8585 (started by jeon-yunhwan in /Users/jeon-yunhwan/워크스페이스/윤환이의 워크스페이스/library)
2024-09-19 22:39:54.165  INFO 8585 --- [    Test worker] c.g.l.LibraryAppApplicationTests         : No active profile set, falling back to 1 default profile: "default"
2024-09-19 22:39:55.301  INFO 8585 --- [    Test worker] .s.d.r.c.RepositoryConfigurationDelegate : Bootstrapping Spring Data JPA repositories in DEFAULT mode.
2024-09-19 22:39:55.399  INFO 8585 --- [    Test worker] .s.d.r.c.RepositoryConfigurationDelegate : Finished Spring Data repository scanning in 89 ms. Found 3 JPA repository interfaces.
2024-09-19 22:39:56.394  INFO 8585 --- [    Test worker] o.hibernate.jpa.internal.util.LogHelper  : HHH000204: Processing PersistenceUnitInfo [name: default]
2024-09-19 22:39:56.460  INFO 8585 --- [    Test worker] org.hibernate.Version                    : HHH000412: Hibernate ORM core version 5.6.9.Final
2024-09-19 22:39:56.679  INFO 8585 --- [    Test worker] o.hibernate.annotations.common.Version   : HCANN000001: Hibernate Commons Annotations {5.1.2.Final}
2024-09-19 22:39:56.811  INFO 8585 --- [    Test worker] com.zaxxer.hikari.HikariDataSource       : HikariPool-1 - Starting...
2024-09-19 22:39:57.012  INFO 8585 --- [    Test worker] com.zaxxer.hikari.HikariDataSource       : HikariPool-1 - Start completed.
2024-09-19 22:39:57.051  INFO 8585 --- [    Test worker] org.hibernate.dialect.Dialect            : HHH000400: Using dialect: org.hibernate.dialect.H2Dialect
Hibernate: 
    
    drop table if exists book CASCADE 
Hibernate: 
    
    drop table if exists user CASCADE 
Hibernate: 
    
    drop table if exists user_loan_history CASCADE 
Hibernate: 
    
    create table book (
       id bigint generated by default as identity,
        name varchar(255),
        primary key (id)
    )
Hibernate: 
    
    create table user (
       id bigint generated by default as identity,
        age integer,
        name varchar(255),
        primary key (id)
    )
Hibernate: 
    
    create table user_loan_history (
       id bigint generated by default as identity,
        book_name varchar(255),
        is_return boolean not null,
        user_id bigint,
        primary key (id)
    )
Hibernate: 
    
    alter table user_loan_history 
       add constraint FKa17jbf1po26eytdyvyj73b4rw 
       foreign key (user_id) 
       references user
2024-09-19 22:39:57.737  INFO 8585 --- [    Test worker] o.h.e.t.j.p.i.JtaPlatformInitiator       : HHH000490: Using JtaPlatform implementation: [org.hibernate.engine.transaction.jta.platform.internal.NoJtaPlatform]
2024-09-19 22:39:57.748  INFO 8585 --- [    Test worker] j.LocalContainerEntityManagerFactoryBean : Initialized JPA EntityManagerFactory for persistence unit 'default'
2024-09-19 22:39:59.886  WARN 8585 --- [    Test worker] JpaBaseConfiguration$JpaWebConfiguration : spring.jpa.open-in-view is enabled by default. Therefore, database queries may be performed during view rendering. Explicitly configure spring.jpa.open-in-view to disable this warning
2024-09-19 22:40:00.275  INFO 8585 --- [    Test worker] o.s.b.a.h2.H2ConsoleAutoConfiguration    : H2 console available at '/h2-console'. Database available at 'jdbc:h2:mem:library'
2024-09-19 22:40:00.729  INFO 8585 --- [    Test worker] c.g.l.LibraryAppApplicationTests         : Started LibraryAppApplicationTests in 6.969 seconds (JVM running for 8.472)
]]></system-out>
  <system-err><![CDATA[]]></system-err>
</testsuite>
